<?xml version="1.0" encoding="UTF-8"?>
<!-- Generated by org.testng.reporters.JUnitXMLReporter -->
<testsuite ignored="0" hostname="LAPTOP-DBS5OUH1" failures="0" tests="3" name="multiple_browser" time="54.226" errors="0" timestamp="2023-09-03T21:22:52 IST">
  <testcase classname="com.saucelab.qa.testclass.TestClass" name="test_user_01" time="15.043"/>
  <testcase classname="com.saucelab.qa.testclass.TestClass" name="test_user_02" time="2.76"/>
  <testcase classname="com.saucelab.qa.testclass.TestClass" name="test_user_03" time="15.992"/>
</testsuite> <!-- multiple_browser -->
