<?xml version="1.0" encoding="UTF-8"?>
<testng-results ignored="0" total="1" passed="1" failed="0" skipped="0">
  <reporter-output>
  </reporter-output>
  <suite started-at="2024-03-09T08:10:21 IST" name="Suite" finished-at="2024-03-09T08:10:45 IST" duration-ms="23243">
    <groups>
    </groups>
    <test started-at="2024-03-09T08:10:21 IST" name="Test" finished-at="2024-03-09T08:10:21 IST" duration-ms="13">
    </test> <!-- Test -->
    <test started-at="2024-03-09T08:10:21 IST" name="parallel browsing" finished-at="2024-03-09T08:10:45 IST" duration-ms="23159">
      <class name="com.filpkart.qa.Testclass.TestClass">
        <test-method is-config="true" signature="setBrowserdetails(java.lang.String)[pri:0, instance:com.filpkart.qa.Testclass.TestClass@298a5e20]" started-at="2024-03-09T08:10:21 IST" name="setBrowserdetails" finished-at="2024-03-09T08:10:29 IST" duration-ms="7385" status="PASS">
          <params>
            <param index="0">
              <value>
                <![CDATA[chrome]]>
              </value>
            </param>
          </params>
          <reporter-output>
          </reporter-output>
        </test-method> <!-- setBrowserdetails -->
        <test-method signature="test()[pri:1, instance:com.filpkart.qa.Testclass.TestClass@298a5e20]" started-at="2024-03-09T08:10:29 IST" name="test" finished-at="2024-03-09T08:10:44 IST" duration-ms="15359" status="PASS">
          <reporter-output>
          </reporter-output>
        </test-method> <!-- test -->
        <test-method is-config="true" signature="closeBrowser()[pri:0, instance:com.filpkart.qa.Testclass.TestClass@298a5e20]" started-at="2024-03-09T08:10:44 IST" name="closeBrowser" finished-at="2024-03-09T08:10:45 IST" duration-ms="371" status="PASS">
          <reporter-output>
          </reporter-output>
        </test-method> <!-- closeBrowser -->
      </class> <!-- com.filpkart.qa.Testclass.TestClass -->
    </test> <!-- parallel browsing -->
  </suite> <!-- Suite -->
</testng-results>
